<?xml version="1.0" encoding="UTF-8"?>
<!-- Generated by org.testng.reporters.JUnitReportReporter -->
<testsuite skipped="1" hostname="Navneet.local" name="testClasses.login_test" tests="2" failures="0" timestamp="21 Sep 2019 15:42:28 GMT" time="30.131" errors="0">
  <testcase name="c_login" time="30.131" classname="testClasses.login_test"/>
  <testcase name="a_elementsTest" classname="testClasses.login_test">
    <skipped/>
  </testcase> <!-- a_elementsTest -->
</testsuite> <!-- testClasses.login_test -->
