<?xml version="1.0" encoding="UTF-8"?>
<!-- Generated by org.testng.reporters.JUnitReportReporter -->
<testsuite skipped="0" hostname="Navneet.local" name="testClasses.login_test" tests="1" failures="0" timestamp="08 May 2019 17:25:57 GMT" time="18.113" errors="0">
  <testcase name="a_elementsTest" time="18.113" classname="testClasses.login_test"/>
</testsuite> <!-- testClasses.login_test -->
