<?xml version="1.0" encoding="UTF-8"?>
<!-- Generated by org.testng.reporters.JUnitReportReporter -->
<testsuite skipped="2" hostname="Navneet.local" name="testClasses.login_test" tests="4" failures="0" timestamp="09 May 2019 16:35:58 GMT" time="87.078" errors="0">
  <testcase name="c_forgot" time="20.974" classname="testClasses.login_test"/>
  <testcase name="d_rqst" time="66.104" classname="testClasses.login_test"/>
  <testcase name="a_elementsTest" classname="testClasses.login_test">
    <skipped/>
  </testcase> <!-- a_elementsTest -->
  <testcase name="b_login" classname="testClasses.login_test">
    <skipped/>
  </testcase> <!-- b_login -->
</testsuite> <!-- testClasses.login_test -->
