<?xml version="1.0" encoding="UTF-8"?>
<!-- Generated by org.testng.reporters.JUnitReportReporter -->
<testsuite skipped="2" hostname="Navneet.local" name="testClasses.login_test" tests="4" failures="0" timestamp="10 May 2019 12:11:14 GMT" time="141.456" errors="0">
  <testcase name="b_forgot" time="63.623" classname="testClasses.login_test"/>
  <testcase name="a_rqst" time="77.833" classname="testClasses.login_test"/>
  <testcase name="a_elementsTest" classname="testClasses.login_test">
    <skipped/>
  </testcase> <!-- a_elementsTest -->
  <testcase name="c_login" classname="testClasses.login_test">
    <skipped/>
  </testcase> <!-- c_login -->
</testsuite> <!-- testClasses.login_test -->
